mode: set
backend/utils/hash_utils.go:16.52,19.2 2 1
backend/utils/hash_utils.go:22.52,25.2 2 1
backend/utils/hash_utils.go:28.60,30.16 2 1
backend/utils/hash_utils.go:30.16,32.3 1 1
backend/utils/hash_utils.go:34.2,35.59 2 1
backend/utils/hash_utils.go:35.59,37.3 1 0
backend/utils/hash_utils.go:39.2,40.16 2 1
backend/utils/hash_utils.go:40.16,42.3 1 0
backend/utils/hash_utils.go:44.2,46.62 3 1
backend/utils/hash_utils.go:50.64,52.16 2 1
backend/utils/hash_utils.go:52.16,54.3 1 0
backend/utils/hash_utils.go:56.2,56.20 1 1
backend/utils/hash_utils.go:56.20,58.3 1 0
backend/utils/hash_utils.go:60.2,64.16 4 1
backend/utils/hash_utils.go:64.16,66.3 1 0
backend/utils/hash_utils.go:68.2,69.16 2 1
backend/utils/hash_utils.go:69.16,71.3 1 0
backend/utils/hash_utils.go:73.2,74.16 2 1
backend/utils/hash_utils.go:74.16,76.3 1 0
backend/utils/hash_utils.go:78.2,78.31 1 1
backend/utils/jwt_utils.go:14.90,27.2 5 1
backend/utils/jwt_utils.go:30.55,31.104 1 1
backend/utils/jwt_utils.go:31.104,33.3 1 1
backend/utils/jwt_utils.go:35.2,35.16 1 1
backend/utils/jwt_utils.go:35.16,37.3 1 0
backend/utils/jwt_utils.go:39.2,40.25 2 1
backend/utils/jwt_utils.go:40.25,42.3 1 0
backend/utils/jwt_utils.go:44.2,44.20 1 1
backend/utils/jwt_utils.go:47.46,50.16 2 0
backend/utils/jwt_utils.go:50.16,52.3 1 0
backend/utils/jwt_utils.go:54.2,55.12 2 0
backend/utils/response_utils.go:9.90,16.16 3 1
backend/utils/response_utils.go:16.16,18.3 1 1
backend/utils/response_utils.go:20.2,20.37 1 1
backend/utils/response_utils.go:24.74,32.2 3 1
backend/utils/response_utils.go:35.84,39.2 2 1
